C:\Program Files (x86)\Microsoft Visual Studio\2017\Community\Common7\IDE\VC\VCTargets\Microsoft.CppBuild.targets(391,5): warning MSB8028: The intermediate directory (Debug\) contains files shared from another project (Project3.vcxproj).  This can lead to incorrect clean and rebuild behavior.
  Main.cpp
c:\users\reoakley\source\repos\project3\computer-graphics-reece-oakley\midterm\project3\table_file_core.h(27): warning C4244: 'initializing': conversion from '__int64' to 'unsigned int', possible loss of data
c:\users\reoakley\source\repos\project3\computer-graphics-reece-oakley\midterm\project3\table_file_core.h(30): warning C4244: 'argument': conversion from '__int64' to 'size_t', possible loss of data
c:\users\reoakley\source\repos\project3\computer-graphics-reece-oakley\midterm\project3\table_file_core.h(60): warning C4244: '=': conversion from '__int64' to 'unsigned int', possible loss of data
c:\users\reoakley\source\repos\project3\computer-graphics-reece-oakley\midterm\project3\table_file_core.h(92): warning C4244: 'initializing': conversion from '__int64' to 'unsigned int', possible loss of data
c:\users\reoakley\source\repos\project3\computer-graphics-reece-oakley\midterm\project3\table_file_core.h(106): warning C4244: '=': conversion from '__int64' to 'unsigned int', possible loss of data
c:\users\reoakley\source\repos\project3\computer-graphics-reece-oakley\midterm\project3\main.cpp(77): warning C4244: 'initializing': conversion from 'double' to 'float', possible loss of data
c:\users\reoakley\source\repos\project3\computer-graphics-reece-oakley\midterm\project3\main.cpp(78): warning C4244: 'initializing': conversion from 'double' to 'float', possible loss of data
c:\users\reoakley\source\repos\project3\computer-graphics-reece-oakley\midterm\project3\main.cpp(79): warning C4244: 'initializing': conversion from 'double' to 'float', possible loss of data
c:\users\reoakley\source\repos\project3\computer-graphics-reece-oakley\midterm\project3\main.cpp(80): warning C4244: 'initializing': conversion from 'double' to 'float', possible loss of data
c:\users\reoakley\source\repos\project3\computer-graphics-reece-oakley\midterm\project3\main.cpp(144): warning C4305: '=': truncation from 'double' to 'float'
c:\users\reoakley\source\repos\project3\computer-graphics-reece-oakley\midterm\project3\main.cpp(228): warning C4838: conversion from 'float' to 'int' requires a narrowing conversion
c:\users\reoakley\source\repos\project3\computer-graphics-reece-oakley\midterm\project3\main.cpp(228): warning C4244: 'initializing': conversion from 'float' to 'int', possible loss of data
c:\users\reoakley\source\repos\project3\computer-graphics-reece-oakley\midterm\project3\main.cpp(238): warning C4305: 'initializing': truncation from 'double' to 'float'
c:\users\reoakley\source\repos\project3\computer-graphics-reece-oakley\midterm\project3\main.cpp(239): warning C4305: 'initializing': truncation from 'double' to 'float'
c:\users\reoakley\source\repos\project3\computer-graphics-reece-oakley\midterm\project3\main.cpp(247): warning C4305: 'initializing': truncation from 'double' to 'float'
c:\users\reoakley\source\repos\project3\computer-graphics-reece-oakley\midterm\project3\main.cpp(248): warning C4305: 'initializing': truncation from 'double' to 'float'
c:\users\reoakley\source\repos\project3\computer-graphics-reece-oakley\midterm\project3\main.cpp(256): warning C4305: 'initializing': truncation from 'double' to 'float'
c:\users\reoakley\source\repos\project3\computer-graphics-reece-oakley\midterm\project3\main.cpp(257): warning C4305: 'initializing': truncation from 'double' to 'float'
c:\users\reoakley\source\repos\project3\computer-graphics-reece-oakley\midterm\project3\main.cpp(265): warning C4305: 'initializing': truncation from 'double' to 'float'
c:\users\reoakley\source\repos\project3\computer-graphics-reece-oakley\midterm\project3\main.cpp(266): warning C4305: 'initializing': truncation from 'double' to 'float'
c:\users\reoakley\source\repos\project3\computer-graphics-reece-oakley\midterm\project3\main.cpp(274): warning C4305: 'initializing': truncation from 'double' to 'float'
c:\users\reoakley\source\repos\project3\computer-graphics-reece-oakley\midterm\project3\main.cpp(275): warning C4305: 'initializing': truncation from 'double' to 'float'
c:\users\reoakley\source\repos\project3\computer-graphics-reece-oakley\midterm\project3\main.cpp(283): warning C4305: 'initializing': truncation from 'double' to 'float'
c:\users\reoakley\source\repos\project3\computer-graphics-reece-oakley\midterm\project3\main.cpp(284): warning C4305: 'initializing': truncation from 'double' to 'float'
c:\users\reoakley\source\repos\project3\computer-graphics-reece-oakley\midterm\project3\main.cpp(292): warning C4305: 'initializing': truncation from 'double' to 'float'
c:\users\reoakley\source\repos\project3\computer-graphics-reece-oakley\midterm\project3\main.cpp(293): warning C4305: 'initializing': truncation from 'double' to 'float'
c:\users\reoakley\source\repos\project3\computer-graphics-reece-oakley\midterm\project3\main.cpp(301): warning C4305: 'initializing': truncation from 'double' to 'float'
c:\users\reoakley\source\repos\project3\computer-graphics-reece-oakley\midterm\project3\main.cpp(302): warning C4305: 'initializing': truncation from 'double' to 'float'
c:\users\reoakley\source\repos\project3\computer-graphics-reece-oakley\midterm\project3\main.cpp(310): warning C4305: 'initializing': truncation from 'double' to 'float'
c:\users\reoakley\source\repos\project3\computer-graphics-reece-oakley\midterm\project3\main.cpp(311): warning C4305: 'initializing': truncation from 'double' to 'float'
c:\users\reoakley\source\repos\project3\computer-graphics-reece-oakley\midterm\project3\main.cpp(319): warning C4305: 'initializing': truncation from 'double' to 'float'
c:\users\reoakley\source\repos\project3\computer-graphics-reece-oakley\midterm\project3\main.cpp(320): warning C4305: 'initializing': truncation from 'double' to 'float'
c:\users\reoakley\source\repos\project3\computer-graphics-reece-oakley\midterm\project3\main.cpp(328): warning C4305: 'initializing': truncation from 'double' to 'float'
c:\users\reoakley\source\repos\project3\computer-graphics-reece-oakley\midterm\project3\main.cpp(329): warning C4305: 'initializing': truncation from 'double' to 'float'
c:\users\reoakley\source\repos\project3\computer-graphics-reece-oakley\midterm\project3\main.cpp(337): warning C4305: 'initializing': truncation from 'double' to 'float'
c:\users\reoakley\source\repos\project3\computer-graphics-reece-oakley\midterm\project3\main.cpp(338): warning C4305: 'initializing': truncation from 'double' to 'float'
c:\users\reoakley\source\repos\project3\computer-graphics-reece-oakley\midterm\project3\main.cpp(346): warning C4305: 'initializing': truncation from 'double' to 'float'
c:\users\reoakley\source\repos\project3\computer-graphics-reece-oakley\midterm\project3\main.cpp(347): warning C4305: 'initializing': truncation from 'double' to 'float'
c:\users\reoakley\source\repos\project3\computer-graphics-reece-oakley\midterm\project3\main.cpp(355): warning C4305: 'initializing': truncation from 'double' to 'float'
c:\users\reoakley\source\repos\project3\computer-graphics-reece-oakley\midterm\project3\main.cpp(356): warning C4305: 'initializing': truncation from 'double' to 'float'
c:\users\reoakley\source\repos\project3\computer-graphics-reece-oakley\midterm\project3\main.cpp(364): warning C4305: 'initializing': truncation from 'double' to 'float'
c:\users\reoakley\source\repos\project3\computer-graphics-reece-oakley\midterm\project3\main.cpp(365): warning C4305: 'initializing': truncation from 'double' to 'float'
c:\users\reoakley\source\repos\project3\computer-graphics-reece-oakley\midterm\project3\main.cpp(373): warning C4305: 'initializing': truncation from 'double' to 'float'
c:\users\reoakley\source\repos\project3\computer-graphics-reece-oakley\midterm\project3\main.cpp(374): warning C4305: 'initializing': truncation from 'double' to 'float'
c:\users\reoakley\source\repos\project3\computer-graphics-reece-oakley\midterm\project3\main.cpp(382): warning C4305: 'initializing': truncation from 'double' to 'float'
c:\users\reoakley\source\repos\project3\computer-graphics-reece-oakley\midterm\project3\main.cpp(383): warning C4305: 'initializing': truncation from 'double' to 'float'
c:\users\reoakley\source\repos\project3\computer-graphics-reece-oakley\midterm\project3\main.cpp(391): warning C4305: 'initializing': truncation from 'double' to 'float'
c:\users\reoakley\source\repos\project3\computer-graphics-reece-oakley\midterm\project3\main.cpp(392): warning C4305: 'initializing': truncation from 'double' to 'float'
c:\users\reoakley\source\repos\project3\computer-graphics-reece-oakley\midterm\project3\main.cpp(400): warning C4305: 'initializing': truncation from 'double' to 'float'
c:\users\reoakley\source\repos\project3\computer-graphics-reece-oakley\midterm\project3\main.cpp(401): warning C4305: 'initializing': truncation from 'double' to 'float'
c:\users\reoakley\source\repos\project3\computer-graphics-reece-oakley\midterm\project3\main.cpp(409): warning C4305: 'initializing': truncation from 'double' to 'float'
c:\users\reoakley\source\repos\project3\computer-graphics-reece-oakley\midterm\project3\main.cpp(410): warning C4305: 'initializing': truncation from 'double' to 'float'
c:\users\reoakley\source\repos\project3\computer-graphics-reece-oakley\midterm\project3\main.cpp(418): warning C4305: 'initializing': truncation from 'double' to 'float'
c:\users\reoakley\source\repos\project3\computer-graphics-reece-oakley\midterm\project3\main.cpp(419): warning C4305: 'initializing': truncation from 'double' to 'float'
c:\users\reoakley\source\repos\project3\computer-graphics-reece-oakley\midterm\project3\main.cpp(427): warning C4305: 'initializing': truncation from 'double' to 'float'
c:\users\reoakley\source\repos\project3\computer-graphics-reece-oakley\midterm\project3\main.cpp(428): warning C4305: 'initializing': truncation from 'double' to 'float'
c:\users\reoakley\source\repos\project3\computer-graphics-reece-oakley\midterm\project3\main.cpp(436): warning C4305: 'initializing': truncation from 'double' to 'float'
c:\users\reoakley\source\repos\project3\computer-graphics-reece-oakley\midterm\project3\main.cpp(437): warning C4305: 'initializing': truncation from 'double' to 'float'
c:\users\reoakley\source\repos\project3\computer-graphics-reece-oakley\midterm\project3\main.cpp(445): warning C4305: 'initializing': truncation from 'double' to 'float'
c:\users\reoakley\source\repos\project3\computer-graphics-reece-oakley\midterm\project3\main.cpp(446): warning C4305: 'initializing': truncation from 'double' to 'float'
c:\users\reoakley\source\repos\project3\computer-graphics-reece-oakley\midterm\project3\main.cpp(454): warning C4305: 'initializing': truncation from 'double' to 'float'
c:\users\reoakley\source\repos\project3\computer-graphics-reece-oakley\midterm\project3\main.cpp(455): warning C4305: 'initializing': truncation from 'double' to 'float'
c:\users\reoakley\source\repos\project3\computer-graphics-reece-oakley\midterm\project3\main.cpp(463): warning C4305: 'initializing': truncation from 'double' to 'float'
c:\users\reoakley\source\repos\project3\computer-graphics-reece-oakley\midterm\project3\main.cpp(464): warning C4305: 'initializing': truncation from 'double' to 'float'
c:\users\reoakley\source\repos\project3\computer-graphics-reece-oakley\midterm\project3\main.cpp(472): warning C4305: 'initializing': truncation from 'double' to 'float'
c:\users\reoakley\source\repos\project3\computer-graphics-reece-oakley\midterm\project3\main.cpp(473): warning C4305: 'initializing': truncation from 'double' to 'float'
c:\users\reoakley\source\repos\project3\computer-graphics-reece-oakley\midterm\project3\main.cpp(481): warning C4305: 'initializing': truncation from 'double' to 'float'
c:\users\reoakley\source\repos\project3\computer-graphics-reece-oakley\midterm\project3\main.cpp(482): warning C4305: 'initializing': truncation from 'double' to 'float'
c:\users\reoakley\source\repos\project3\computer-graphics-reece-oakley\midterm\project3\main.cpp(490): warning C4305: 'initializing': truncation from 'double' to 'float'
c:\users\reoakley\source\repos\project3\computer-graphics-reece-oakley\midterm\project3\main.cpp(491): warning C4305: 'initializing': truncation from 'double' to 'float'
c:\users\reoakley\source\repos\project3\computer-graphics-reece-oakley\midterm\project3\main.cpp(499): warning C4305: 'initializing': truncation from 'double' to 'float'
c:\users\reoakley\source\repos\project3\computer-graphics-reece-oakley\midterm\project3\main.cpp(500): warning C4305: 'initializing': truncation from 'double' to 'float'
c:\users\reoakley\source\repos\project3\computer-graphics-reece-oakley\midterm\project3\main.cpp(508): warning C4305: 'initializing': truncation from 'double' to 'float'
c:\users\reoakley\source\repos\project3\computer-graphics-reece-oakley\midterm\project3\main.cpp(509): warning C4305: 'initializing': truncation from 'double' to 'float'
c:\users\reoakley\source\repos\project3\computer-graphics-reece-oakley\midterm\project3\main.cpp(517): warning C4305: 'initializing': truncation from 'double' to 'float'
c:\users\reoakley\source\repos\project3\computer-graphics-reece-oakley\midterm\project3\main.cpp(518): warning C4305: 'initializing': truncation from 'double' to 'float'
c:\users\reoakley\source\repos\project3\computer-graphics-reece-oakley\midterm\project3\main.cpp(526): warning C4305: 'initializing': truncation from 'double' to 'float'
c:\users\reoakley\source\repos\project3\computer-graphics-reece-oakley\midterm\project3\main.cpp(527): warning C4305: 'initializing': truncation from 'double' to 'float'
c:\users\reoakley\source\repos\project3\computer-graphics-reece-oakley\midterm\project3\main.cpp(535): warning C4305: 'initializing': truncation from 'double' to 'float'
c:\users\reoakley\source\repos\project3\computer-graphics-reece-oakley\midterm\project3\main.cpp(536): warning C4305: 'initializing': truncation from 'double' to 'float'
c:\users\reoakley\source\repos\project3\computer-graphics-reece-oakley\midterm\project3\main.cpp(544): warning C4305: 'initializing': truncation from 'double' to 'float'
c:\users\reoakley\source\repos\project3\computer-graphics-reece-oakley\midterm\project3\main.cpp(545): warning C4305: 'initializing': truncation from 'double' to 'float'
c:\users\reoakley\source\repos\project3\computer-graphics-reece-oakley\midterm\project3\main.cpp(553): warning C4305: 'initializing': truncation from 'double' to 'float'
c:\users\reoakley\source\repos\project3\computer-graphics-reece-oakley\midterm\project3\main.cpp(554): warning C4305: 'initializing': truncation from 'double' to 'float'
c:\users\reoakley\source\repos\project3\computer-graphics-reece-oakley\midterm\project3\main.cpp(562): warning C4305: 'initializing': truncation from 'double' to 'float'
c:\users\reoakley\source\repos\project3\computer-graphics-reece-oakley\midterm\project3\main.cpp(563): warning C4305: 'initializing': truncation from 'double' to 'float'
c:\users\reoakley\source\repos\project3\computer-graphics-reece-oakley\midterm\project3\main.cpp(571): warning C4305: 'initializing': truncation from 'double' to 'float'
c:\users\reoakley\source\repos\project3\computer-graphics-reece-oakley\midterm\project3\main.cpp(572): warning C4305: 'initializing': truncation from 'double' to 'float'
c:\users\reoakley\source\repos\project3\computer-graphics-reece-oakley\midterm\project3\main.cpp(580): warning C4305: 'initializing': truncation from 'double' to 'float'
c:\users\reoakley\source\repos\project3\computer-graphics-reece-oakley\midterm\project3\main.cpp(581): warning C4305: 'initializing': truncation from 'double' to 'float'
c:\users\reoakley\source\repos\project3\computer-graphics-reece-oakley\midterm\project3\main.cpp(589): warning C4305: 'initializing': truncation from 'double' to 'float'
c:\users\reoakley\source\repos\project3\computer-graphics-reece-oakley\midterm\project3\main.cpp(590): warning C4305: 'initializing': truncation from 'double' to 'float'
c:\users\reoakley\source\repos\project3\computer-graphics-reece-oakley\midterm\project3\main.cpp(598): warning C4305: 'initializing': truncation from 'double' to 'float'
c:\users\reoakley\source\repos\project3\computer-graphics-reece-oakley\midterm\project3\main.cpp(599): warning C4305: 'initializing': truncation from 'double' to 'float'
c:\users\reoakley\source\repos\project3\computer-graphics-reece-oakley\midterm\project3\main.cpp(607): warning C4305: 'initializing': truncation from 'double' to 'float'
c:\users\reoakley\source\repos\project3\computer-graphics-reece-oakley\midterm\project3\main.cpp(608): warning C4305: 'initializing': truncation from 'double' to 'float'
c:\users\reoakley\source\repos\project3\computer-graphics-reece-oakley\midterm\project3\main.cpp(616): warning C4305: 'initializing': truncation from 'double' to 'float'
c:\users\reoakley\source\repos\project3\computer-graphics-reece-oakley\midterm\project3\main.cpp(617): warning C4305: 'initializing': truncation from 'double' to 'float'
c:\users\reoakley\source\repos\project3\computer-graphics-reece-oakley\midterm\project3\main.cpp(625): warning C4305: 'initializing': truncation from 'double' to 'float'
c:\users\reoakley\source\repos\project3\computer-graphics-reece-oakley\midterm\project3\main.cpp(626): warning C4305: 'initializing': truncation from 'double' to 'float'
c:\users\reoakley\source\repos\project3\computer-graphics-reece-oakley\midterm\project3\main.cpp(634): warning C4305: 'initializing': truncation from 'double' to 'float'
c:\users\reoakley\source\repos\project3\computer-graphics-reece-oakley\midterm\project3\main.cpp(635): warning C4305: 'initializing': truncation from 'double' to 'float'
c:\users\reoakley\source\repos\project3\computer-graphics-reece-oakley\midterm\project3\main.cpp(643): warning C4305: 'initializing': truncation from 'double' to 'float'
c:\users\reoakley\source\repos\project3\computer-graphics-reece-oakley\midterm\project3\main.cpp(644): warning C4305: 'initializing': truncation from 'double' to 'float'
c:\users\reoakley\source\repos\project3\computer-graphics-reece-oakley\midterm\project3\main.cpp(652): warning C4305: 'initializing': truncation from 'double' to 'float'
c:\users\reoakley\source\repos\project3\computer-graphics-reece-oakley\midterm\project3\main.cpp(653): warning C4305: 'initializing': truncation from 'double' to 'float'
c:\users\reoakley\source\repos\project3\computer-graphics-reece-oakley\midterm\project3\main.cpp(661): warning C4305: 'initializing': truncation from 'double' to 'float'
c:\users\reoakley\source\repos\project3\computer-graphics-reece-oakley\midterm\project3\main.cpp(662): warning C4305: 'initializing': truncation from 'double' to 'float'
c:\users\reoakley\source\repos\project3\computer-graphics-reece-oakley\midterm\project3\main.cpp(670): warning C4305: 'initializing': truncation from 'double' to 'float'
c:\users\reoakley\source\repos\project3\computer-graphics-reece-oakley\midterm\project3\main.cpp(671): warning C4305: 'initializing': truncation from 'double' to 'float'
c:\users\reoakley\source\repos\project3\computer-graphics-reece-oakley\midterm\project3\main.cpp(679): warning C4305: 'initializing': truncation from 'double' to 'float'
c:\users\reoakley\source\repos\project3\computer-graphics-reece-oakley\midterm\project3\main.cpp(680): warning C4305: 'initializing': truncation from 'double' to 'float'
c:\users\reoakley\source\repos\project3\computer-graphics-reece-oakley\midterm\project3\main.cpp(688): warning C4305: 'initializing': truncation from 'double' to 'float'
c:\users\reoakley\source\repos\project3\computer-graphics-reece-oakley\midterm\project3\main.cpp(689): warning C4305: 'initializing': truncation from 'double' to 'float'
c:\users\reoakley\source\repos\project3\computer-graphics-reece-oakley\midterm\project3\main.cpp(697): warning C4305: 'initializing': truncation from 'double' to 'float'
c:\users\reoakley\source\repos\project3\computer-graphics-reece-oakley\midterm\project3\main.cpp(698): warning C4305: 'initializing': truncation from 'double' to 'float'
c:\users\reoakley\source\repos\project3\computer-graphics-reece-oakley\midterm\project3\main.cpp(706): warning C4305: 'initializing': truncation from 'double' to 'float'
c:\users\reoakley\source\repos\project3\computer-graphics-reece-oakley\midterm\project3\main.cpp(707): warning C4305: 'initializing': truncation from 'double' to 'float'
c:\users\reoakley\source\repos\project3\computer-graphics-reece-oakley\midterm\project3\main.cpp(715): warning C4305: 'initializing': truncation from 'double' to 'float'
c:\users\reoakley\source\repos\project3\computer-graphics-reece-oakley\midterm\project3\main.cpp(716): warning C4305: 'initializing': truncation from 'double' to 'float'
c:\users\reoakley\source\repos\project3\computer-graphics-reece-oakley\midterm\project3\main.cpp(724): warning C4305: 'initializing': truncation from 'double' to 'float'
c:\users\reoakley\source\repos\project3\computer-graphics-reece-oakley\midterm\project3\main.cpp(725): warning C4305: 'initializing': truncation from 'double' to 'float'
c:\users\reoakley\source\repos\project3\computer-graphics-reece-oakley\midterm\project3\main.cpp(733): warning C4305: 'initializing': truncation from 'double' to 'float'
c:\users\reoakley\source\repos\project3\computer-graphics-reece-oakley\midterm\project3\main.cpp(734): warning C4305: 'initializing': truncation from 'double' to 'float'
c:\users\reoakley\source\repos\project3\computer-graphics-reece-oakley\midterm\project3\main.cpp(742): warning C4305: 'initializing': truncation from 'double' to 'float'
c:\users\reoakley\source\repos\project3\computer-graphics-reece-oakley\midterm\project3\main.cpp(743): warning C4305: 'initializing': truncation from 'double' to 'float'
c:\users\reoakley\source\repos\project3\computer-graphics-reece-oakley\midterm\project3\main.cpp(751): warning C4305: 'initializing': truncation from 'double' to 'float'
c:\users\reoakley\source\repos\project3\computer-graphics-reece-oakley\midterm\project3\main.cpp(752): warning C4305: 'initializing': truncation from 'double' to 'float'
c:\users\reoakley\source\repos\project3\computer-graphics-reece-oakley\midterm\project3\main.cpp(759): warning C4305: 'initializing': truncation from 'double' to 'float'
c:\users\reoakley\source\repos\project3\computer-graphics-reece-oakley\midterm\project3\main.cpp(760): warning C4305: 'initializing': truncation from 'double' to 'float'
c:\users\reoakley\source\repos\project3\computer-graphics-reece-oakley\midterm\project3\main.cpp(768): warning C4305: 'initializing': truncation from 'double' to 'float'
c:\users\reoakley\source\repos\project3\computer-graphics-reece-oakley\midterm\project3\main.cpp(769): warning C4305: 'initializing': truncation from 'double' to 'float'
c:\users\reoakley\source\repos\project3\computer-graphics-reece-oakley\midterm\project3\main.cpp(777): warning C4305: 'initializing': truncation from 'double' to 'float'
c:\users\reoakley\source\repos\project3\computer-graphics-reece-oakley\midterm\project3\main.cpp(778): warning C4305: 'initializing': truncation from 'double' to 'float'
c:\users\reoakley\source\repos\project3\computer-graphics-reece-oakley\midterm\project3\main.cpp(786): warning C4305: 'initializing': truncation from 'double' to 'float'
c:\users\reoakley\source\repos\project3\computer-graphics-reece-oakley\midterm\project3\main.cpp(787): warning C4305: 'initializing': truncation from 'double' to 'float'
c:\users\reoakley\source\repos\project3\computer-graphics-reece-oakley\midterm\project3\main.cpp(795): warning C4305: 'initializing': truncation from 'double' to 'float'
c:\users\reoakley\source\repos\project3\computer-graphics-reece-oakley\midterm\project3\main.cpp(796): warning C4305: 'initializing': truncation from 'double' to 'float'
c:\users\reoakley\source\repos\project3\computer-graphics-reece-oakley\midterm\project3\main.cpp(804): warning C4305: 'initializing': truncation from 'double' to 'float'
c:\users\reoakley\source\repos\project3\computer-graphics-reece-oakley\midterm\project3\main.cpp(805): warning C4305: 'initializing': truncation from 'double' to 'float'
c:\users\reoakley\source\repos\project3\computer-graphics-reece-oakley\midterm\project3\main.cpp(813): warning C4305: 'initializing': truncation from 'double' to 'float'
c:\users\reoakley\source\repos\project3\computer-graphics-reece-oakley\midterm\project3\main.cpp(814): warning C4305: 'initializing': truncation from 'double' to 'float'
c:\users\reoakley\source\repos\project3\computer-graphics-reece-oakley\midterm\project3\main.cpp(822): warning C4305: 'initializing': truncation from 'double' to 'float'
c:\users\reoakley\source\repos\project3\computer-graphics-reece-oakley\midterm\project3\main.cpp(823): warning C4305: 'initializing': truncation from 'double' to 'float'
c:\users\reoakley\source\repos\project3\computer-graphics-reece-oakley\midterm\project3\main.cpp(831): warning C4305: 'initializing': truncation from 'double' to 'float'
c:\users\reoakley\source\repos\project3\computer-graphics-reece-oakley\midterm\project3\main.cpp(832): warning C4305: 'initializing': truncation from 'double' to 'float'
c:\users\reoakley\source\repos\project3\computer-graphics-reece-oakley\midterm\project3\main.cpp(840): warning C4305: 'initializing': truncation from 'double' to 'float'
c:\users\reoakley\source\repos\project3\computer-graphics-reece-oakley\midterm\project3\main.cpp(841): warning C4305: 'initializing': truncation from 'double' to 'float'
c:\users\reoakley\source\repos\project3\computer-graphics-reece-oakley\midterm\project3\main.cpp(849): warning C4305: 'initializing': truncation from 'double' to 'float'
c:\users\reoakley\source\repos\project3\computer-graphics-reece-oakley\midterm\project3\main.cpp(850): warning C4305: 'initializing': truncation from 'double' to 'float'
c:\users\reoakley\source\repos\project3\computer-graphics-reece-oakley\midterm\project3\main.cpp(858): warning C4305: 'initializing': truncation from 'double' to 'float'
c:\users\reoakley\source\repos\project3\computer-graphics-reece-oakley\midterm\project3\main.cpp(859): warning C4305: 'initializing': truncation from 'double' to 'float'
c:\users\reoakley\source\repos\project3\computer-graphics-reece-oakley\midterm\project3\main.cpp(867): warning C4305: 'initializing': truncation from 'double' to 'float'
c:\users\reoakley\source\repos\project3\computer-graphics-reece-oakley\midterm\project3\main.cpp(868): warning C4305: 'initializing': truncation from 'double' to 'float'
c:\users\reoakley\source\repos\project3\computer-graphics-reece-oakley\midterm\project3\main.cpp(876): warning C4305: 'initializing': truncation from 'double' to 'float'
c:\users\reoakley\source\repos\project3\computer-graphics-reece-oakley\midterm\project3\main.cpp(877): warning C4305: 'initializing': truncation from 'double' to 'float'
c:\users\reoakley\source\repos\project3\computer-graphics-reece-oakley\midterm\project3\main.cpp(885): warning C4305: 'initializing': truncation from 'double' to 'float'
c:\users\reoakley\source\repos\project3\computer-graphics-reece-oakley\midterm\project3\main.cpp(886): warning C4305: 'initializing': truncation from 'double' to 'float'
c:\users\reoakley\source\repos\project3\computer-graphics-reece-oakley\midterm\project3\main.cpp(894): warning C4305: 'initializing': truncation from 'double' to 'float'
c:\users\reoakley\source\repos\project3\computer-graphics-reece-oakley\midterm\project3\main.cpp(895): warning C4305: 'initializing': truncation from 'double' to 'float'
c:\users\reoakley\source\repos\project3\computer-graphics-reece-oakley\midterm\project3\main.cpp(903): warning C4305: 'initializing': truncation from 'double' to 'float'
c:\users\reoakley\source\repos\project3\computer-graphics-reece-oakley\midterm\project3\main.cpp(904): warning C4305: 'initializing': truncation from 'double' to 'float'
c:\users\reoakley\source\repos\project3\computer-graphics-reece-oakley\midterm\project3\main.cpp(912): warning C4305: 'initializing': truncation from 'double' to 'float'
c:\users\reoakley\source\repos\project3\computer-graphics-reece-oakley\midterm\project3\main.cpp(913): warning C4305: 'initializing': truncation from 'double' to 'float'
c:\users\reoakley\source\repos\project3\computer-graphics-reece-oakley\midterm\project3\main.cpp(921): warning C4305: 'initializing': truncation from 'double' to 'float'
c:\users\reoakley\source\repos\project3\computer-graphics-reece-oakley\midterm\project3\main.cpp(922): warning C4305: 'initializing': truncation from 'double' to 'float'
c:\users\reoakley\source\repos\project3\computer-graphics-reece-oakley\midterm\project3\main.cpp(930): warning C4305: 'initializing': truncation from 'double' to 'float'
c:\users\reoakley\source\repos\project3\computer-graphics-reece-oakley\midterm\project3\main.cpp(931): warning C4305: 'initializing': truncation from 'double' to 'float'
c:\users\reoakley\source\repos\project3\computer-graphics-reece-oakley\midterm\project3\main.cpp(940): warning C4305: 'initializing': truncation from 'double' to 'float'
c:\users\reoakley\source\repos\project3\computer-graphics-reece-oakley\midterm\project3\main.cpp(941): warning C4305: 'initializing': truncation from 'double' to 'float'
c:\users\reoakley\source\repos\project3\computer-graphics-reece-oakley\midterm\project3\main.cpp(950): warning C4305: 'initializing': truncation from 'double' to 'float'
c:\users\reoakley\source\repos\project3\computer-graphics-reece-oakley\midterm\project3\main.cpp(951): warning C4305: 'initializing': truncation from 'double' to 'float'
c:\users\reoakley\source\repos\project3\computer-graphics-reece-oakley\midterm\project3\main.cpp(960): warning C4305: 'initializing': truncation from 'double' to 'float'
c:\users\reoakley\source\repos\project3\computer-graphics-reece-oakley\midterm\project3\main.cpp(961): warning C4305: 'initializing': truncation from 'double' to 'float'
c:\users\reoakley\source\repos\project3\computer-graphics-reece-oakley\midterm\project3\main.cpp(970): warning C4305: 'initializing': truncation from 'double' to 'float'
c:\users\reoakley\source\repos\project3\computer-graphics-reece-oakley\midterm\project3\main.cpp(971): warning C4305: 'initializing': truncation from 'double' to 'float'
c:\users\reoakley\source\repos\project3\computer-graphics-reece-oakley\midterm\project3\main.cpp(980): warning C4305: 'initializing': truncation from 'double' to 'float'
c:\users\reoakley\source\repos\project3\computer-graphics-reece-oakley\midterm\project3\main.cpp(981): warning C4305: 'initializing': truncation from 'double' to 'float'
c:\users\reoakley\source\repos\project3\computer-graphics-reece-oakley\midterm\project3\main.cpp(990): warning C4305: 'initializing': truncation from 'double' to 'float'
c:\users\reoakley\source\repos\project3\computer-graphics-reece-oakley\midterm\project3\main.cpp(991): warning C4305: 'initializing': truncation from 'double' to 'float'
c:\users\reoakley\source\repos\project3\computer-graphics-reece-oakley\midterm\project3\main.cpp(1000): warning C4305: 'initializing': truncation from 'double' to 'float'
c:\users\reoakley\source\repos\project3\computer-graphics-reece-oakley\midterm\project3\main.cpp(1001): warning C4305: 'initializing': truncation from 'double' to 'float'
c:\users\reoakley\source\repos\project3\computer-graphics-reece-oakley\midterm\project3\main.cpp(1010): warning C4305: 'initializing': truncation from 'double' to 'float'
c:\users\reoakley\source\repos\project3\computer-graphics-reece-oakley\midterm\project3\main.cpp(1011): warning C4305: 'initializing': truncation from 'double' to 'float'
c:\users\reoakley\source\repos\project3\computer-graphics-reece-oakley\midterm\project3\main.cpp(1020): warning C4305: 'initializing': truncation from 'double' to 'float'
c:\users\reoakley\source\repos\project3\computer-graphics-reece-oakley\midterm\project3\main.cpp(1021): warning C4305: 'initializing': truncation from 'double' to 'float'
c:\users\reoakley\source\repos\project3\computer-graphics-reece-oakley\midterm\project3\main.cpp(1030): warning C4305: 'initializing': truncation from 'double' to 'float'
c:\users\reoakley\source\repos\project3\computer-graphics-reece-oakley\midterm\project3\main.cpp(1031): warning C4305: 'initializing': truncation from 'double' to 'float'
c:\users\reoakley\source\repos\project3\computer-graphics-reece-oakley\midterm\project3\main.cpp(1090): warning C4305: '=': truncation from 'double' to 'float'
c:\users\reoakley\source\repos\project3\computer-graphics-reece-oakley\midterm\project3\main.cpp(1105): warning C4305: '=': truncation from 'double' to 'float'
c:\users\reoakley\source\repos\project3\computer-graphics-reece-oakley\midterm\project3\main.cpp(1106): warning C4305: '=': truncation from 'double' to 'float'
c:\users\reoakley\source\repos\project3\computer-graphics-reece-oakley\midterm\project3\main.cpp(1120): warning C4305: '=': truncation from 'double' to 'float'
c:\users\reoakley\source\repos\project3\computer-graphics-reece-oakley\midterm\project3\main.cpp(1121): warning C4305: '=': truncation from 'double' to 'float'
c:\users\reoakley\source\repos\project3\computer-graphics-reece-oakley\midterm\project3\main.cpp(1154): warning C4018: '<': signed/unsigned mismatch
c:\users\reoakley\source\repos\project3\computer-graphics-reece-oakley\midterm\project3\main.cpp(1158): warning C4018: '<': signed/unsigned mismatch
c:\users\reoakley\source\repos\project3\computer-graphics-reece-oakley\midterm\project3\main.cpp(1186): warning C4018: '>=': signed/unsigned mismatch
c:\users\reoakley\source\repos\project3\computer-graphics-reece-oakley\midterm\project3\main.cpp(1442): warning C4305: 'argument': truncation from 'double' to 'float'
c:\users\reoakley\source\repos\project3\computer-graphics-reece-oakley\midterm\project3\main.cpp(1446): warning C4305: 'argument': truncation from 'double' to 'float'
c:\users\reoakley\source\repos\project3\computer-graphics-reece-oakley\midterm\project3\main.cpp(1450): warning C4305: 'argument': truncation from 'double' to 'float'
c:\users\reoakley\source\repos\project3\computer-graphics-reece-oakley\midterm\project3\main.cpp(1454): warning C4305: 'argument': truncation from 'double' to 'float'
c:\users\reoakley\source\repos\project3\computer-graphics-reece-oakley\midterm\project3\main.cpp(1458): warning C4305: 'argument': truncation from 'double' to 'float'
c:\users\reoakley\source\repos\project3\computer-graphics-reece-oakley\midterm\project3\main.cpp(1462): warning C4305: 'argument': truncation from 'double' to 'float'
c:\users\reoakley\source\repos\project3\computer-graphics-reece-oakley\midterm\project3\main.cpp(1466): warning C4305: 'argument': truncation from 'double' to 'float'
c:\users\reoakley\source\repos\project3\computer-graphics-reece-oakley\midterm\project3\main.cpp(1470): warning C4305: 'argument': truncation from 'double' to 'float'
c:\users\reoakley\source\repos\project3\computer-graphics-reece-oakley\midterm\project3\main.cpp(1474): warning C4305: 'argument': truncation from 'double' to 'float'
c:\users\reoakley\source\repos\project3\computer-graphics-reece-oakley\midterm\project3\main.cpp(1478): warning C4305: 'argument': truncation from 'double' to 'float'
c:\users\reoakley\source\repos\project3\computer-graphics-reece-oakley\midterm\project3\main.cpp(1482): warning C4305: 'argument': truncation from 'double' to 'float'
c:\users\reoakley\source\repos\project3\computer-graphics-reece-oakley\midterm\project3\main.cpp(1486): warning C4305: 'argument': truncation from 'double' to 'float'
c:\users\reoakley\source\repos\project3\computer-graphics-reece-oakley\midterm\project3\main.cpp(1490): warning C4305: 'argument': truncation from 'double' to 'float'
c:\users\reoakley\source\repos\project3\computer-graphics-reece-oakley\midterm\project3\main.cpp(1494): warning C4305: 'argument': truncation from 'double' to 'float'
c:\users\reoakley\source\repos\project3\computer-graphics-reece-oakley\midterm\project3\main.cpp(1498): warning C4305: 'argument': truncation from 'double' to 'float'
c:\users\reoakley\source\repos\project3\computer-graphics-reece-oakley\midterm\project3\main.cpp(1502): warning C4305: 'argument': truncation from 'double' to 'float'
c:\users\reoakley\source\repos\project3\computer-graphics-reece-oakley\midterm\project3\main.cpp(1506): warning C4305: 'argument': truncation from 'double' to 'float'
c:\users\reoakley\source\repos\project3\computer-graphics-reece-oakley\midterm\project3\main.cpp(1510): warning C4305: 'argument': truncation from 'double' to 'float'
c:\users\reoakley\source\repos\project3\computer-graphics-reece-oakley\midterm\project3\main.cpp(1514): warning C4305: 'argument': truncation from 'double' to 'float'
c:\users\reoakley\source\repos\project3\computer-graphics-reece-oakley\midterm\project3\main.cpp(1518): warning C4305: 'argument': truncation from 'double' to 'float'
c:\users\reoakley\source\repos\project3\computer-graphics-reece-oakley\midterm\project3\main.cpp(1522): warning C4305: 'argument': truncation from 'double' to 'float'
c:\users\reoakley\source\repos\project3\computer-graphics-reece-oakley\midterm\project3\main.cpp(1526): warning C4305: 'argument': truncation from 'double' to 'float'
c:\users\reoakley\source\repos\project3\computer-graphics-reece-oakley\midterm\project3\main.cpp(1530): warning C4305: 'argument': truncation from 'double' to 'float'
c:\users\reoakley\source\repos\project3\computer-graphics-reece-oakley\midterm\project3\main.cpp(1534): warning C4305: 'argument': truncation from 'double' to 'float'
c:\users\reoakley\source\repos\project3\computer-graphics-reece-oakley\midterm\project3\main.cpp(1538): warning C4305: 'argument': truncation from 'double' to 'float'
c:\users\reoakley\source\repos\project3\computer-graphics-reece-oakley\midterm\project3\main.cpp(1542): warning C4305: 'argument': truncation from 'double' to 'float'
c:\users\reoakley\source\repos\project3\computer-graphics-reece-oakley\midterm\project3\main.cpp(1546): warning C4305: 'argument': truncation from 'double' to 'float'
c:\users\reoakley\source\repos\project3\computer-graphics-reece-oakley\midterm\project3\main.cpp(1550): warning C4305: 'argument': truncation from 'double' to 'float'
c:\users\reoakley\source\repos\project3\computer-graphics-reece-oakley\midterm\project3\main.cpp(1554): warning C4305: 'argument': truncation from 'double' to 'float'
c:\users\reoakley\source\repos\project3\computer-graphics-reece-oakley\midterm\project3\main.cpp(1558): warning C4305: 'argument': truncation from 'double' to 'float'
c:\users\reoakley\source\repos\project3\computer-graphics-reece-oakley\midterm\project3\main.cpp(1562): warning C4305: 'argument': truncation from 'double' to 'float'
c:\users\reoakley\source\repos\project3\computer-graphics-reece-oakley\midterm\project3\main.cpp(1566): warning C4305: 'argument': truncation from 'double' to 'float'
c:\users\reoakley\source\repos\project3\computer-graphics-reece-oakley\midterm\project3\main.cpp(1570): warning C4305: 'argument': truncation from 'double' to 'float'
c:\users\reoakley\source\repos\project3\computer-graphics-reece-oakley\midterm\project3\main.cpp(1574): warning C4305: 'argument': truncation from 'double' to 'float'
c:\users\reoakley\source\repos\project3\computer-graphics-reece-oakley\midterm\project3\main.cpp(1578): warning C4305: 'argument': truncation from 'double' to 'float'
c:\users\reoakley\source\repos\project3\computer-graphics-reece-oakley\midterm\project3\main.cpp(1582): warning C4305: 'argument': truncation from 'double' to 'float'
c:\users\reoakley\source\repos\project3\computer-graphics-reece-oakley\midterm\project3\main.cpp(1586): warning C4305: 'argument': truncation from 'double' to 'float'
c:\users\reoakley\source\repos\project3\computer-graphics-reece-oakley\midterm\project3\main.cpp(1590): warning C4305: 'argument': truncation from 'double' to 'float'
c:\users\reoakley\source\repos\project3\computer-graphics-reece-oakley\midterm\project3\main.cpp(1594): warning C4305: 'argument': truncation from 'double' to 'float'
c:\users\reoakley\source\repos\project3\computer-graphics-reece-oakley\midterm\project3\main.cpp(1598): warning C4305: 'argument': truncation from 'double' to 'float'
c:\users\reoakley\source\repos\project3\computer-graphics-reece-oakley\midterm\project3\main.cpp(1629): warning C4244: 'argument': conversion from 'int' to 'float', possible loss of data
c:\users\reoakley\source\repos\project3\computer-graphics-reece-oakley\midterm\project3\main.cpp(1643): warning C4244: 'argument': conversion from 'int' to 'float', possible loss of data
c:\users\reoakley\source\repos\project3\computer-graphics-reece-oakley\midterm\project3\main.cpp(1657): warning C4244: 'argument': conversion from 'int' to 'float', possible loss of data
c:\users\reoakley\source\repos\project3\computer-graphics-reece-oakley\midterm\project3\main.cpp(1690): warning C4305: 'argument': truncation from 'double' to 'float'
c:\users\reoakley\source\repos\project3\computer-graphics-reece-oakley\midterm\project3\main.cpp(1693): warning C4305: 'argument': truncation from 'double' to 'float'
c:\users\reoakley\source\repos\project3\computer-graphics-reece-oakley\midterm\project3\main.cpp(1696): warning C4305: 'argument': truncation from 'double' to 'float'
c:\users\reoakley\source\repos\project3\computer-graphics-reece-oakley\midterm\project3\main.cpp(1699): warning C4305: 'argument': truncation from 'double' to 'float'
c:\users\reoakley\source\repos\project3\computer-graphics-reece-oakley\midterm\project3\main.cpp(1702): warning C4305: 'argument': truncation from 'double' to 'float'
c:\users\reoakley\source\repos\project3\computer-graphics-reece-oakley\midterm\project3\main.cpp(1734): warning C4838: conversion from 'float' to 'int' requires a narrowing conversion
c:\users\reoakley\source\repos\project3\computer-graphics-reece-oakley\midterm\project3\main.cpp(1734): warning C4244: 'initializing': conversion from 'float' to 'int', possible loss of data
c:\users\reoakley\source\repos\project3\computer-graphics-reece-oakley\midterm\project3\main.cpp(1738): warning C4838: conversion from 'float' to 'int' requires a narrowing conversion
c:\users\reoakley\source\repos\project3\computer-graphics-reece-oakley\midterm\project3\main.cpp(1738): warning C4244: 'initializing': conversion from 'float' to 'int', possible loss of data
c:\users\reoakley\source\repos\project3\computer-graphics-reece-oakley\midterm\project3\main.cpp(1742): warning C4838: conversion from 'float' to 'int' requires a narrowing conversion
c:\users\reoakley\source\repos\project3\computer-graphics-reece-oakley\midterm\project3\main.cpp(1742): warning C4244: 'initializing': conversion from 'float' to 'int', possible loss of data
  Project3.vcxproj -> C:\Users\reoakley\source\repos\Project3\COMPUTER-GRAPHICS-REECE-OAKLEY\midterm\Debug\midterm.exe
